<?xml version="1.0" encoding="UTF-8"?>
<!-- Generated by org.testng.reporters.JUnitReportReporter -->
<testsuite hostname="LAPTOP-1LCQV5LB" failures="0" tests="1" name="com.app.testcases.LoginPageTest" time="12.635" errors="0" timestamp="08 Aug 2020 12:23:22 GMT" skipped="0">
  <testcase classname="com.app.testcases.LoginPageTest" name="verifyLoginPageTitleTest" time="12.635"/>
</testsuite> <!-- com.app.testcases.LoginPageTest -->
